{"C:\\git\\Brewery-Search-Service\\src\\config\\config.ts": {"path":"C:\\git\\Brewery-Search-Service\\src\\config\\config.ts","statementMap":{"0":{"start":{"line":1,"column":0},"end":{"line":1,"column":33}},"1":{"start":{"line":3,"column":0},"end":{"line":7,"column":3}},"2":{"start":{"line":9,"column":20},"end":{"line":9,"column":57}},"3":{"start":{"line":10,"column":24},"end":{"line":10,"column":78}},"4":{"start":{"line":11,"column":13},"end":{"line":11,"column":39}},"5":{"start":{"line":12,"column":19},"end":{"line":12,"column":47}},"6":{"start":{"line":21,"column":13},"end":{"line":26,"column":2}}},"fnMap":{},"branchMap":{"0":{"loc":{"start":{"line":5,"column":15},"end":{"line":5,"column":46}},"type":"binary-expr","locations":[{"start":{"line":5,"column":15},"end":{"line":5,"column":35}},{"start":{"line":5,"column":39},"end":{"line":5,"column":46}}]},"1":{"loc":{"start":{"line":9,"column":20},"end":{"line":9,"column":57}},"type":"binary-expr","locations":[{"start":{"line":9,"column":20},"end":{"line":9,"column":40}},{"start":{"line":9,"column":44},"end":{"line":9,"column":57}}]},"2":{"loc":{"start":{"line":10,"column":24},"end":{"line":10,"column":78}},"type":"cond-expr","locations":[{"start":{"line":10,"column":51},"end":{"line":10,"column":55}},{"start":{"line":10,"column":55},"end":{"line":10,"column":78}}]},"3":{"loc":{"start":{"line":10,"column":24},"end":{"line":10,"column":55}},"type":"binary-expr","locations":[{"start":{"line":10,"column":24},"end":{"line":10,"column":55}},{"start":{"line":10,"column":51},"end":{"line":10,"column":55}}]},"4":{"loc":{"start":{"line":11,"column":13},"end":{"line":11,"column":39}},"type":"cond-expr","locations":[{"start":{"line":11,"column":29},"end":{"line":11,"column":33}},{"start":{"line":11,"column":33},"end":{"line":11,"column":39}}]},"5":{"loc":{"start":{"line":11,"column":13},"end":{"line":11,"column":33}},"type":"binary-expr","locations":[{"start":{"line":11,"column":13},"end":{"line":11,"column":33}},{"start":{"line":11,"column":29},"end":{"line":11,"column":33}}]},"6":{"loc":{"start":{"line":12,"column":19},"end":{"line":12,"column":47}},"type":"cond-expr","locations":[{"start":{"line":12,"column":41},"end":{"line":12,"column":45}},{"start":{"line":12,"column":45},"end":{"line":12,"column":47}}]},"7":{"loc":{"start":{"line":12,"column":19},"end":{"line":12,"column":45}},"type":"binary-expr","locations":[{"start":{"line":12,"column":19},"end":{"line":12,"column":45}},{"start":{"line":12,"column":41},"end":{"line":12,"column":45}}]}},"s":{"0":4,"1":4,"2":4,"3":4,"4":4,"5":4,"6":4},"f":{},"b":{"0":[4,1],"1":[4,1],"2":[2,2],"3":[4,4],"4":[2,2],"5":[4,4],"6":[2,2],"7":[4,4]}}
,"C:\\git\\Brewery-Search-Service\\src\\controllers\\searchController.ts": {"path":"C:\\git\\Brewery-Search-Service\\src\\controllers\\searchController.ts","statementMap":{"0":{"start":{"line":2,"column":0},"end":{"line":2,"column":53}},"1":{"start":{"line":3,"column":0},"end":{"line":3,"column":26}},"2":{"start":{"line":4,"column":0},"end":{"line":4,"column":42}},"3":{"start":{"line":44,"column":18},"end":{"line":44,"column":55}},"4":{"start":{"line":47,"column":16},"end":{"line":47,"column":34}},"5":{"start":{"line":48,"column":2},"end":{"line":48,"column":43}},"6":{"start":{"line":56,"column":17},"end":{"line":56,"column":38}},"7":{"start":{"line":57,"column":2},"end":{"line":60,"column":3}},"8":{"start":{"line":58,"column":3},"end":{"line":58,"column":52}},"9":{"start":{"line":59,"column":3},"end":{"line":59,"column":10}},"10":{"start":{"line":62,"column":60},"end":{"line":62,"column":69}},"11":{"start":{"line":63,"column":2},"end":{"line":116,"column":3}},"12":{"start":{"line":64,"column":20},"end":{"line":66,"column":null}},"13":{"start":{"line":68,"column":17},"end":{"line":68,"column":30}},"14":{"start":{"line":70,"column":3},"end":{"line":79,"column":6}},"15":{"start":{"line":71,"column":4},"end":{"line":79,"column":6}},"16":{"start":{"line":73,"column":6},"end":{"line":77,"column":null}},"17":{"start":{"line":80,"column":3},"end":{"line":85,"column":6}},"18":{"start":{"line":81,"column":4},"end":{"line":85,"column":6}},"19":{"start":{"line":83,"column":6},"end":{"line":84,"column":36}},"20":{"start":{"line":86,"column":3},"end":{"line":94,"column":4}},"21":{"start":{"line":87,"column":15},"end":{"line":87,"column":46}},"22":{"start":{"line":88,"column":4},"end":{"line":93,"column":6}},"23":{"start":{"line":90,"column":6},"end":{"line":92,"column":null}},"24":{"start":{"line":96,"column":28},"end":{"line":99,"column":null}},"25":{"start":{"line":101,"column":3},"end":{"line":104,"column":6}},"26":{"start":{"line":106,"column":3},"end":{"line":109,"column":5}},"27":{"start":{"line":110,"column":3},"end":{"line":115,"column":6}},"28":{"start":{"line":124,"column":17},"end":{"line":124,"column":38}},"29":{"start":{"line":125,"column":2},"end":{"line":128,"column":3}},"30":{"start":{"line":126,"column":3},"end":{"line":126,"column":52}},"31":{"start":{"line":127,"column":3},"end":{"line":127,"column":10}},"32":{"start":{"line":130,"column":54},"end":{"line":130,"column":63}},"33":{"start":{"line":131,"column":2},"end":{"line":184,"column":3}},"34":{"start":{"line":132,"column":20},"end":{"line":134,"column":null}},"35":{"start":{"line":136,"column":17},"end":{"line":136,"column":30}},"36":{"start":{"line":138,"column":3},"end":{"line":143,"column":7}},"37":{"start":{"line":138,"column":36},"end":{"line":142,"column":null}},"38":{"start":{"line":145,"column":3},"end":{"line":148,"column":6}},"39":{"start":{"line":146,"column":4},"end":{"line":148,"column":6}},"40":{"start":{"line":147,"column":16},"end":{"line":147,"column":56}},"41":{"start":{"line":150,"column":3},"end":{"line":157,"column":4}},"42":{"start":{"line":151,"column":15},"end":{"line":151,"column":45}},"43":{"start":{"line":152,"column":4},"end":{"line":156,"column":6}},"44":{"start":{"line":154,"column":6},"end":{"line":155,"column":35}},"45":{"start":{"line":158,"column":3},"end":{"line":163,"column":6}},"46":{"start":{"line":159,"column":4},"end":{"line":163,"column":6}},"47":{"start":{"line":161,"column":6},"end":{"line":162,"column":38}},"48":{"start":{"line":165,"column":28},"end":{"line":168,"column":null}},"49":{"start":{"line":170,"column":3},"end":{"line":173,"column":6}},"50":{"start":{"line":175,"column":3},"end":{"line":178,"column":5}},"51":{"start":{"line":179,"column":3},"end":{"line":183,"column":6}},"52":{"start":{"line":192,"column":2},"end":{"line":195,"column":3}},"53":{"start":{"line":193,"column":3},"end":{"line":193,"column":64}},"54":{"start":{"line":194,"column":3},"end":{"line":194,"column":10}},"55":{"start":{"line":197,"column":17},"end":{"line":197,"column":38}},"56":{"start":{"line":198,"column":2},"end":{"line":201,"column":3}},"57":{"start":{"line":199,"column":3},"end":{"line":199,"column":52}},"58":{"start":{"line":200,"column":3},"end":{"line":200,"column":10}},"59":{"start":{"line":203,"column":46},"end":{"line":203,"column":55}},"60":{"start":{"line":204,"column":2},"end":{"line":239,"column":3}},"61":{"start":{"line":205,"column":20},"end":{"line":207,"column":null}},"62":{"start":{"line":209,"column":17},"end":{"line":209,"column":30}},"63":{"start":{"line":211,"column":3},"end":{"line":218,"column":4}},"64":{"start":{"line":212,"column":15},"end":{"line":212,"column":45}},"65":{"start":{"line":213,"column":4},"end":{"line":217,"column":6}},"66":{"start":{"line":215,"column":6},"end":{"line":216,"column":42}},"67":{"start":{"line":220,"column":28},"end":{"line":223,"column":null}},"68":{"start":{"line":225,"column":3},"end":{"line":228,"column":6}},"69":{"start":{"line":230,"column":3},"end":{"line":233,"column":5}},"70":{"start":{"line":234,"column":3},"end":{"line":238,"column":6}},"71":{"start":{"line":247,"column":17},"end":{"line":247,"column":38}},"72":{"start":{"line":248,"column":2},"end":{"line":251,"column":3}},"73":{"start":{"line":249,"column":3},"end":{"line":249,"column":52}},"74":{"start":{"line":250,"column":3},"end":{"line":250,"column":10}},"75":{"start":{"line":253,"column":46},"end":{"line":253,"column":55}},"76":{"start":{"line":254,"column":2},"end":{"line":303,"column":3}},"77":{"start":{"line":255,"column":20},"end":{"line":257,"column":null}},"78":{"start":{"line":259,"column":17},"end":{"line":259,"column":30}},"79":{"start":{"line":262,"column":3},"end":{"line":270,"column":7}},"80":{"start":{"line":262,"column":37},"end":{"line":269,"column":null}},"81":{"start":{"line":272,"column":3},"end":{"line":272,"column":46}},"82":{"start":{"line":274,"column":3},"end":{"line":282,"column":4}},"83":{"start":{"line":275,"column":15},"end":{"line":275,"column":45}},"84":{"start":{"line":276,"column":4},"end":{"line":280,"column":6}},"85":{"start":{"line":278,"column":6},"end":{"line":279,"column":42}},"86":{"start":{"line":281,"column":4},"end":{"line":281,"column":48}},"87":{"start":{"line":284,"column":28},"end":{"line":287,"column":null}},"88":{"start":{"line":289,"column":3},"end":{"line":292,"column":6}},"89":{"start":{"line":294,"column":3},"end":{"line":297,"column":5}},"90":{"start":{"line":298,"column":3},"end":{"line":302,"column":6}},"91":{"start":{"line":43,"column":0},"end":{"line":43,"column":13}}},"fnMap":{"0":{"name":"(anonymous_8)","decl":{"start":{"line":43,"column":0},"end":{"line":43,"column":13}},"loc":{"start":{"line":43,"column":0},"end":{"line":305,"column":1}}},"1":{"name":"(anonymous_9)","decl":{"start":{"line":46,"column":9},"end":{"line":46,"column":17}},"loc":{"start":{"line":46,"column":60},"end":{"line":49,"column":2}}},"2":{"name":"(anonymous_10)","decl":{"start":{"line":51,"column":7},"end":{"line":51,"column":22}},"loc":{"start":{"line":54,"column":20},"end":{"line":117,"column":null}}},"3":{"name":"(anonymous_12)","decl":{"start":{"line":72,"column":5},"end":{"line":72,"column":6}},"loc":{"start":{"line":73,"column":6},"end":{"line":77,"column":null}}},"4":{"name":"(anonymous_13)","decl":{"start":{"line":82,"column":5},"end":{"line":82,"column":6}},"loc":{"start":{"line":83,"column":6},"end":{"line":84,"column":36}}},"5":{"name":"(anonymous_14)","decl":{"start":{"line":89,"column":5},"end":{"line":89,"column":6}},"loc":{"start":{"line":89,"column":14},"end":{"line":92,"column":null}}},"6":{"name":"(anonymous_15)","decl":{"start":{"line":119,"column":7},"end":{"line":119,"column":19}},"loc":{"start":{"line":122,"column":20},"end":{"line":185,"column":null}}},"7":{"name":"(anonymous_17)","decl":{"start":{"line":138,"column":25},"end":{"line":138,"column":26}},"loc":{"start":{"line":138,"column":36},"end":{"line":142,"column":null}}},"8":{"name":"(anonymous_18)","decl":{"start":{"line":147,"column":5},"end":{"line":147,"column":6}},"loc":{"start":{"line":147,"column":16},"end":{"line":147,"column":56}}},"9":{"name":"(anonymous_19)","decl":{"start":{"line":153,"column":5},"end":{"line":153,"column":6}},"loc":{"start":{"line":154,"column":6},"end":{"line":155,"column":35}}},"10":{"name":"(anonymous_20)","decl":{"start":{"line":160,"column":5},"end":{"line":160,"column":6}},"loc":{"start":{"line":161,"column":6},"end":{"line":162,"column":38}}},"11":{"name":"(anonymous_21)","decl":{"start":{"line":187,"column":7},"end":{"line":187,"column":18}},"loc":{"start":{"line":190,"column":20},"end":{"line":240,"column":null}}},"12":{"name":"(anonymous_23)","decl":{"start":{"line":214,"column":5},"end":{"line":214,"column":6}},"loc":{"start":{"line":215,"column":6},"end":{"line":216,"column":42}}},"13":{"name":"(anonymous_24)","decl":{"start":{"line":242,"column":7},"end":{"line":242,"column":20}},"loc":{"start":{"line":245,"column":20},"end":{"line":304,"column":null}}},"14":{"name":"(anonymous_26)","decl":{"start":{"line":262,"column":25},"end":{"line":262,"column":26}},"loc":{"start":{"line":262,"column":37},"end":{"line":269,"column":null}}},"15":{"name":"(anonymous_27)","decl":{"start":{"line":277,"column":5},"end":{"line":277,"column":6}},"loc":{"start":{"line":278,"column":6},"end":{"line":279,"column":42}}}},"branchMap":{"0":{"loc":{"start":{"line":57,"column":2},"end":{"line":60,"column":3}},"type":"if","locations":[{"start":{"line":57,"column":2},"end":{"line":60,"column":3}}]},"1":{"loc":{"start":{"line":62,"column":31},"end":{"line":62,"column":41}},"type":"default-arg","locations":[{"start":{"line":62,"column":38},"end":{"line":62,"column":41}}]},"2":{"loc":{"start":{"line":62,"column":43},"end":{"line":62,"column":55}},"type":"default-arg","locations":[{"start":{"line":62,"column":51},"end":{"line":62,"column":55}}]},"3":{"loc":{"start":{"line":70,"column":3},"end":{"line":79,"column":6}},"type":"if","locations":[{"start":{"line":70,"column":3},"end":{"line":79,"column":6}}]},"4":{"loc":{"start":{"line":73,"column":6},"end":{"line":77,"column":null}},"type":"binary-expr","locations":[{"start":{"line":73,"column":6},"end":{"line":74,"column":null}},{"start":{"line":76,"column":6},"end":{"line":77,"column":null}}]},"5":{"loc":{"start":{"line":80,"column":3},"end":{"line":85,"column":6}},"type":"if","locations":[{"start":{"line":80,"column":3},"end":{"line":85,"column":6}}]},"6":{"loc":{"start":{"line":86,"column":3},"end":{"line":94,"column":4}},"type":"if","locations":[{"start":{"line":86,"column":3},"end":{"line":94,"column":4}}]},"7":{"loc":{"start":{"line":90,"column":6},"end":{"line":92,"column":56}},"type":"binary-expr","locations":[{"start":{"line":90,"column":6},"end":{"line":90,"column":59}},{"start":{"line":91,"column":6},"end":{"line":91,"column":55}},{"start":{"line":92,"column":6},"end":{"line":92,"column":56}}]},"8":{"loc":{"start":{"line":90,"column":6},"end":{"line":90,"column":53}},"type":"cond-expr","locations":[{"start":{"line":90,"column":38},"end":{"line":90,"column":40}},{"start":{"line":90,"column":38},"end":{"line":90,"column":53}}]},"9":{"loc":{"start":{"line":90,"column":6},"end":{"line":90,"column":40}},"type":"binary-expr","locations":[{"start":{"line":90,"column":6},"end":{"line":90,"column":40}},{"start":{"line":90,"column":38},"end":{"line":90,"column":40}}]},"10":{"loc":{"start":{"line":90,"column":6},"end":{"line":90,"column":38}},"type":"cond-expr","locations":[{"start":{"line":90,"column":23},"end":{"line":90,"column":25}},{"start":{"line":90,"column":23},"end":{"line":90,"column":38}}]},"11":{"loc":{"start":{"line":90,"column":6},"end":{"line":90,"column":25}},"type":"binary-expr","locations":[{"start":{"line":90,"column":6},"end":{"line":90,"column":25}},{"start":{"line":90,"column":23},"end":{"line":90,"column":25}}]},"12":{"loc":{"start":{"line":91,"column":6},"end":{"line":91,"column":49}},"type":"cond-expr","locations":[{"start":{"line":91,"column":34},"end":{"line":91,"column":36}},{"start":{"line":91,"column":34},"end":{"line":91,"column":49}}]},"13":{"loc":{"start":{"line":91,"column":6},"end":{"line":91,"column":36}},"type":"binary-expr","locations":[{"start":{"line":91,"column":6},"end":{"line":91,"column":36}},{"start":{"line":91,"column":34},"end":{"line":91,"column":36}}]},"14":{"loc":{"start":{"line":91,"column":6},"end":{"line":91,"column":34}},"type":"cond-expr","locations":[{"start":{"line":91,"column":23},"end":{"line":91,"column":25}},{"start":{"line":91,"column":23},"end":{"line":91,"column":34}}]},"15":{"loc":{"start":{"line":91,"column":6},"end":{"line":91,"column":25}},"type":"binary-expr","locations":[{"start":{"line":91,"column":6},"end":{"line":91,"column":25}},{"start":{"line":91,"column":23},"end":{"line":91,"column":25}}]},"16":{"loc":{"start":{"line":92,"column":6},"end":{"line":92,"column":50}},"type":"cond-expr","locations":[{"start":{"line":92,"column":35},"end":{"line":92,"column":37}},{"start":{"line":92,"column":35},"end":{"line":92,"column":50}}]},"17":{"loc":{"start":{"line":92,"column":6},"end":{"line":92,"column":37}},"type":"binary-expr","locations":[{"start":{"line":92,"column":6},"end":{"line":92,"column":37}},{"start":{"line":92,"column":35},"end":{"line":92,"column":37}}]},"18":{"loc":{"start":{"line":92,"column":6},"end":{"line":92,"column":35}},"type":"cond-expr","locations":[{"start":{"line":92,"column":23},"end":{"line":92,"column":25}},{"start":{"line":92,"column":23},"end":{"line":92,"column":35}}]},"19":{"loc":{"start":{"line":92,"column":6},"end":{"line":92,"column":25}},"type":"binary-expr","locations":[{"start":{"line":92,"column":6},"end":{"line":92,"column":25}},{"start":{"line":92,"column":23},"end":{"line":92,"column":25}}]},"20":{"loc":{"start":{"line":108,"column":4},"end":{"line":108,"column":41}},"type":"binary-expr","locations":[{"start":{"line":108,"column":4},"end":{"line":108,"column":24}},{"start":{"line":108,"column":28},"end":{"line":108,"column":41}}]},"21":{"loc":{"start":{"line":108,"column":4},"end":{"line":108,"column":24}},"type":"cond-expr","locations":[{"start":{"line":108,"column":18},"end":{"line":108,"column":20}},{"start":{"line":108,"column":18},"end":{"line":108,"column":24}}]},"22":{"loc":{"start":{"line":108,"column":4},"end":{"line":108,"column":20}},"type":"binary-expr","locations":[{"start":{"line":108,"column":4},"end":{"line":108,"column":20}},{"start":{"line":108,"column":18},"end":{"line":108,"column":20}}]},"23":{"loc":{"start":{"line":110,"column":14},"end":{"line":110,"column":43}},"type":"binary-expr","locations":[{"start":{"line":110,"column":14},"end":{"line":110,"column":36}},{"start":{"line":110,"column":40},"end":{"line":110,"column":43}}]},"24":{"loc":{"start":{"line":110,"column":14},"end":{"line":110,"column":36}},"type":"cond-expr","locations":[{"start":{"line":110,"column":28},"end":{"line":110,"column":30}},{"start":{"line":110,"column":28},"end":{"line":110,"column":36}}]},"25":{"loc":{"start":{"line":110,"column":14},"end":{"line":110,"column":30}},"type":"binary-expr","locations":[{"start":{"line":110,"column":14},"end":{"line":110,"column":30}},{"start":{"line":110,"column":28},"end":{"line":110,"column":30}}]},"26":{"loc":{"start":{"line":112,"column":5},"end":{"line":113,"column":32}},"type":"binary-expr","locations":[{"start":{"line":112,"column":5},"end":{"line":112,"column":34}},{"start":{"line":113,"column":5},"end":{"line":113,"column":32}}]},"27":{"loc":{"start":{"line":112,"column":5},"end":{"line":112,"column":34}},"type":"cond-expr","locations":[{"start":{"line":112,"column":25},"end":{"line":112,"column":27}},{"start":{"line":112,"column":25},"end":{"line":112,"column":34}}]},"28":{"loc":{"start":{"line":112,"column":5},"end":{"line":112,"column":27}},"type":"binary-expr","locations":[{"start":{"line":112,"column":5},"end":{"line":112,"column":27}},{"start":{"line":112,"column":25},"end":{"line":112,"column":27}}]},"29":{"loc":{"start":{"line":112,"column":5},"end":{"line":112,"column":25}},"type":"cond-expr","locations":[{"start":{"line":112,"column":19},"end":{"line":112,"column":21}},{"start":{"line":112,"column":19},"end":{"line":112,"column":25}}]},"30":{"loc":{"start":{"line":112,"column":5},"end":{"line":112,"column":21}},"type":"binary-expr","locations":[{"start":{"line":112,"column":5},"end":{"line":112,"column":21}},{"start":{"line":112,"column":19},"end":{"line":112,"column":21}}]},"31":{"loc":{"start":{"line":114,"column":11},"end":{"line":114,"column":56}},"type":"binary-expr","locations":[{"start":{"line":114,"column":11},"end":{"line":114,"column":39}},{"start":{"line":114,"column":43},"end":{"line":114,"column":56}}]},"32":{"loc":{"start":{"line":114,"column":11},"end":{"line":114,"column":39}},"type":"cond-expr","locations":[{"start":{"line":114,"column":31},"end":{"line":114,"column":33}},{"start":{"line":114,"column":31},"end":{"line":114,"column":39}}]},"33":{"loc":{"start":{"line":114,"column":11},"end":{"line":114,"column":33}},"type":"binary-expr","locations":[{"start":{"line":114,"column":11},"end":{"line":114,"column":33}},{"start":{"line":114,"column":31},"end":{"line":114,"column":33}}]},"34":{"loc":{"start":{"line":114,"column":11},"end":{"line":114,"column":31}},"type":"cond-expr","locations":[{"start":{"line":114,"column":25},"end":{"line":114,"column":27}},{"start":{"line":114,"column":25},"end":{"line":114,"column":31}}]},"35":{"loc":{"start":{"line":114,"column":11},"end":{"line":114,"column":27}},"type":"binary-expr","locations":[{"start":{"line":114,"column":11},"end":{"line":114,"column":27}},{"start":{"line":114,"column":25},"end":{"line":114,"column":27}}]},"36":{"loc":{"start":{"line":125,"column":2},"end":{"line":128,"column":3}},"type":"if","locations":[{"start":{"line":125,"column":2},"end":{"line":128,"column":3}}]},"37":{"loc":{"start":{"line":130,"column":25},"end":{"line":130,"column":35}},"type":"default-arg","locations":[{"start":{"line":130,"column":32},"end":{"line":130,"column":35}}]},"38":{"loc":{"start":{"line":130,"column":37},"end":{"line":130,"column":49}},"type":"default-arg","locations":[{"start":{"line":130,"column":45},"end":{"line":130,"column":49}}]},"39":{"loc":{"start":{"line":145,"column":3},"end":{"line":148,"column":6}},"type":"if","locations":[{"start":{"line":145,"column":3},"end":{"line":148,"column":6}}]},"40":{"loc":{"start":{"line":147,"column":16},"end":{"line":147,"column":56}},"type":"binary-expr","locations":[{"start":{"line":147,"column":16},"end":{"line":147,"column":24}},{"start":{"line":147,"column":28},"end":{"line":147,"column":56}}]},"41":{"loc":{"start":{"line":150,"column":3},"end":{"line":157,"column":4}},"type":"if","locations":[{"start":{"line":150,"column":3},"end":{"line":157,"column":4}}]},"42":{"loc":{"start":{"line":154,"column":6},"end":{"line":155,"column":35}},"type":"binary-expr","locations":[{"start":{"line":154,"column":6},"end":{"line":154,"column":31}},{"start":{"line":155,"column":6},"end":{"line":155,"column":35}}]},"43":{"loc":{"start":{"line":158,"column":3},"end":{"line":163,"column":6}},"type":"if","locations":[{"start":{"line":158,"column":3},"end":{"line":163,"column":6}}]},"44":{"loc":{"start":{"line":177,"column":4},"end":{"line":177,"column":41}},"type":"binary-expr","locations":[{"start":{"line":177,"column":4},"end":{"line":177,"column":24}},{"start":{"line":177,"column":28},"end":{"line":177,"column":41}}]},"45":{"loc":{"start":{"line":177,"column":4},"end":{"line":177,"column":24}},"type":"cond-expr","locations":[{"start":{"line":177,"column":18},"end":{"line":177,"column":20}},{"start":{"line":177,"column":18},"end":{"line":177,"column":24}}]},"46":{"loc":{"start":{"line":177,"column":4},"end":{"line":177,"column":20}},"type":"binary-expr","locations":[{"start":{"line":177,"column":4},"end":{"line":177,"column":20}},{"start":{"line":177,"column":18},"end":{"line":177,"column":20}}]},"47":{"loc":{"start":{"line":179,"column":14},"end":{"line":179,"column":43}},"type":"binary-expr","locations":[{"start":{"line":179,"column":14},"end":{"line":179,"column":36}},{"start":{"line":179,"column":40},"end":{"line":179,"column":43}}]},"48":{"loc":{"start":{"line":179,"column":14},"end":{"line":179,"column":36}},"type":"cond-expr","locations":[{"start":{"line":179,"column":28},"end":{"line":179,"column":30}},{"start":{"line":179,"column":28},"end":{"line":179,"column":36}}]},"49":{"loc":{"start":{"line":179,"column":14},"end":{"line":179,"column":30}},"type":"binary-expr","locations":[{"start":{"line":179,"column":14},"end":{"line":179,"column":30}},{"start":{"line":179,"column":28},"end":{"line":179,"column":30}}]},"50":{"loc":{"start":{"line":181,"column":5},"end":{"line":181,"column":62}},"type":"binary-expr","locations":[{"start":{"line":181,"column":5},"end":{"line":181,"column":34}},{"start":{"line":181,"column":38},"end":{"line":181,"column":62}}]},"51":{"loc":{"start":{"line":181,"column":5},"end":{"line":181,"column":34}},"type":"cond-expr","locations":[{"start":{"line":181,"column":25},"end":{"line":181,"column":27}},{"start":{"line":181,"column":25},"end":{"line":181,"column":34}}]},"52":{"loc":{"start":{"line":181,"column":5},"end":{"line":181,"column":27}},"type":"binary-expr","locations":[{"start":{"line":181,"column":5},"end":{"line":181,"column":27}},{"start":{"line":181,"column":25},"end":{"line":181,"column":27}}]},"53":{"loc":{"start":{"line":181,"column":5},"end":{"line":181,"column":25}},"type":"cond-expr","locations":[{"start":{"line":181,"column":19},"end":{"line":181,"column":21}},{"start":{"line":181,"column":19},"end":{"line":181,"column":25}}]},"54":{"loc":{"start":{"line":181,"column":5},"end":{"line":181,"column":21}},"type":"binary-expr","locations":[{"start":{"line":181,"column":5},"end":{"line":181,"column":21}},{"start":{"line":181,"column":19},"end":{"line":181,"column":21}}]},"55":{"loc":{"start":{"line":182,"column":11},"end":{"line":182,"column":56}},"type":"binary-expr","locations":[{"start":{"line":182,"column":11},"end":{"line":182,"column":39}},{"start":{"line":182,"column":43},"end":{"line":182,"column":56}}]},"56":{"loc":{"start":{"line":182,"column":11},"end":{"line":182,"column":39}},"type":"cond-expr","locations":[{"start":{"line":182,"column":31},"end":{"line":182,"column":33}},{"start":{"line":182,"column":31},"end":{"line":182,"column":39}}]},"57":{"loc":{"start":{"line":182,"column":11},"end":{"line":182,"column":33}},"type":"binary-expr","locations":[{"start":{"line":182,"column":11},"end":{"line":182,"column":33}},{"start":{"line":182,"column":31},"end":{"line":182,"column":33}}]},"58":{"loc":{"start":{"line":182,"column":11},"end":{"line":182,"column":31}},"type":"cond-expr","locations":[{"start":{"line":182,"column":25},"end":{"line":182,"column":27}},{"start":{"line":182,"column":25},"end":{"line":182,"column":31}}]},"59":{"loc":{"start":{"line":182,"column":11},"end":{"line":182,"column":27}},"type":"binary-expr","locations":[{"start":{"line":182,"column":11},"end":{"line":182,"column":27}},{"start":{"line":182,"column":25},"end":{"line":182,"column":27}}]},"60":{"loc":{"start":{"line":192,"column":2},"end":{"line":195,"column":3}},"type":"if","locations":[{"start":{"line":192,"column":2},"end":{"line":195,"column":3}}]},"61":{"loc":{"start":{"line":198,"column":2},"end":{"line":201,"column":3}},"type":"if","locations":[{"start":{"line":198,"column":2},"end":{"line":201,"column":3}}]},"62":{"loc":{"start":{"line":203,"column":17},"end":{"line":203,"column":27}},"type":"default-arg","locations":[{"start":{"line":203,"column":24},"end":{"line":203,"column":27}}]},"63":{"loc":{"start":{"line":203,"column":29},"end":{"line":203,"column":41}},"type":"default-arg","locations":[{"start":{"line":203,"column":37},"end":{"line":203,"column":41}}]},"64":{"loc":{"start":{"line":211,"column":3},"end":{"line":218,"column":4}},"type":"if","locations":[{"start":{"line":211,"column":3},"end":{"line":218,"column":4}}]},"65":{"loc":{"start":{"line":215,"column":6},"end":{"line":216,"column":42}},"type":"binary-expr","locations":[{"start":{"line":215,"column":6},"end":{"line":215,"column":41}},{"start":{"line":216,"column":6},"end":{"line":216,"column":42}}]},"66":{"loc":{"start":{"line":232,"column":4},"end":{"line":232,"column":41}},"type":"binary-expr","locations":[{"start":{"line":232,"column":4},"end":{"line":232,"column":24}},{"start":{"line":232,"column":28},"end":{"line":232,"column":41}}]},"67":{"loc":{"start":{"line":232,"column":4},"end":{"line":232,"column":24}},"type":"cond-expr","locations":[{"start":{"line":232,"column":18},"end":{"line":232,"column":20}},{"start":{"line":232,"column":18},"end":{"line":232,"column":24}}]},"68":{"loc":{"start":{"line":232,"column":4},"end":{"line":232,"column":20}},"type":"binary-expr","locations":[{"start":{"line":232,"column":4},"end":{"line":232,"column":20}},{"start":{"line":232,"column":18},"end":{"line":232,"column":20}}]},"69":{"loc":{"start":{"line":234,"column":14},"end":{"line":234,"column":43}},"type":"binary-expr","locations":[{"start":{"line":234,"column":14},"end":{"line":234,"column":36}},{"start":{"line":234,"column":40},"end":{"line":234,"column":43}}]},"70":{"loc":{"start":{"line":234,"column":14},"end":{"line":234,"column":36}},"type":"cond-expr","locations":[{"start":{"line":234,"column":28},"end":{"line":234,"column":30}},{"start":{"line":234,"column":28},"end":{"line":234,"column":36}}]},"71":{"loc":{"start":{"line":234,"column":14},"end":{"line":234,"column":30}},"type":"binary-expr","locations":[{"start":{"line":234,"column":14},"end":{"line":234,"column":30}},{"start":{"line":234,"column":28},"end":{"line":234,"column":30}}]},"72":{"loc":{"start":{"line":236,"column":5},"end":{"line":236,"column":61}},"type":"binary-expr","locations":[{"start":{"line":236,"column":5},"end":{"line":236,"column":34}},{"start":{"line":236,"column":38},"end":{"line":236,"column":61}}]},"73":{"loc":{"start":{"line":236,"column":5},"end":{"line":236,"column":34}},"type":"cond-expr","locations":[{"start":{"line":236,"column":25},"end":{"line":236,"column":27}},{"start":{"line":236,"column":25},"end":{"line":236,"column":34}}]},"74":{"loc":{"start":{"line":236,"column":5},"end":{"line":236,"column":27}},"type":"binary-expr","locations":[{"start":{"line":236,"column":5},"end":{"line":236,"column":27}},{"start":{"line":236,"column":25},"end":{"line":236,"column":27}}]},"75":{"loc":{"start":{"line":236,"column":5},"end":{"line":236,"column":25}},"type":"cond-expr","locations":[{"start":{"line":236,"column":19},"end":{"line":236,"column":21}},{"start":{"line":236,"column":19},"end":{"line":236,"column":25}}]},"76":{"loc":{"start":{"line":236,"column":5},"end":{"line":236,"column":21}},"type":"binary-expr","locations":[{"start":{"line":236,"column":5},"end":{"line":236,"column":21}},{"start":{"line":236,"column":19},"end":{"line":236,"column":21}}]},"77":{"loc":{"start":{"line":237,"column":11},"end":{"line":237,"column":56}},"type":"binary-expr","locations":[{"start":{"line":237,"column":11},"end":{"line":237,"column":39}},{"start":{"line":237,"column":43},"end":{"line":237,"column":56}}]},"78":{"loc":{"start":{"line":237,"column":11},"end":{"line":237,"column":39}},"type":"cond-expr","locations":[{"start":{"line":237,"column":31},"end":{"line":237,"column":33}},{"start":{"line":237,"column":31},"end":{"line":237,"column":39}}]},"79":{"loc":{"start":{"line":237,"column":11},"end":{"line":237,"column":33}},"type":"binary-expr","locations":[{"start":{"line":237,"column":11},"end":{"line":237,"column":33}},{"start":{"line":237,"column":31},"end":{"line":237,"column":33}}]},"80":{"loc":{"start":{"line":237,"column":11},"end":{"line":237,"column":31}},"type":"cond-expr","locations":[{"start":{"line":237,"column":25},"end":{"line":237,"column":27}},{"start":{"line":237,"column":25},"end":{"line":237,"column":31}}]},"81":{"loc":{"start":{"line":237,"column":11},"end":{"line":237,"column":27}},"type":"binary-expr","locations":[{"start":{"line":237,"column":11},"end":{"line":237,"column":27}},{"start":{"line":237,"column":25},"end":{"line":237,"column":27}}]},"82":{"loc":{"start":{"line":248,"column":2},"end":{"line":251,"column":3}},"type":"if","locations":[{"start":{"line":248,"column":2},"end":{"line":251,"column":3}}]},"83":{"loc":{"start":{"line":253,"column":17},"end":{"line":253,"column":27}},"type":"default-arg","locations":[{"start":{"line":253,"column":24},"end":{"line":253,"column":27}}]},"84":{"loc":{"start":{"line":253,"column":29},"end":{"line":253,"column":41}},"type":"default-arg","locations":[{"start":{"line":253,"column":37},"end":{"line":253,"column":41}}]},"85":{"loc":{"start":{"line":274,"column":3},"end":{"line":282,"column":4}},"type":"if","locations":[{"start":{"line":274,"column":3},"end":{"line":282,"column":4}}]},"86":{"loc":{"start":{"line":278,"column":6},"end":{"line":279,"column":42}},"type":"binary-expr","locations":[{"start":{"line":278,"column":6},"end":{"line":278,"column":52}},{"start":{"line":279,"column":6},"end":{"line":279,"column":42}}]},"87":{"loc":{"start":{"line":296,"column":4},"end":{"line":296,"column":41}},"type":"binary-expr","locations":[{"start":{"line":296,"column":4},"end":{"line":296,"column":24}},{"start":{"line":296,"column":28},"end":{"line":296,"column":41}}]},"88":{"loc":{"start":{"line":296,"column":4},"end":{"line":296,"column":24}},"type":"cond-expr","locations":[{"start":{"line":296,"column":18},"end":{"line":296,"column":20}},{"start":{"line":296,"column":18},"end":{"line":296,"column":24}}]},"89":{"loc":{"start":{"line":296,"column":4},"end":{"line":296,"column":20}},"type":"binary-expr","locations":[{"start":{"line":296,"column":4},"end":{"line":296,"column":20}},{"start":{"line":296,"column":18},"end":{"line":296,"column":20}}]},"90":{"loc":{"start":{"line":298,"column":14},"end":{"line":298,"column":43}},"type":"binary-expr","locations":[{"start":{"line":298,"column":14},"end":{"line":298,"column":36}},{"start":{"line":298,"column":40},"end":{"line":298,"column":43}}]},"91":{"loc":{"start":{"line":298,"column":14},"end":{"line":298,"column":36}},"type":"cond-expr","locations":[{"start":{"line":298,"column":28},"end":{"line":298,"column":30}},{"start":{"line":298,"column":28},"end":{"line":298,"column":36}}]},"92":{"loc":{"start":{"line":298,"column":14},"end":{"line":298,"column":30}},"type":"binary-expr","locations":[{"start":{"line":298,"column":14},"end":{"line":298,"column":30}},{"start":{"line":298,"column":28},"end":{"line":298,"column":30}}]},"93":{"loc":{"start":{"line":300,"column":5},"end":{"line":300,"column":63}},"type":"binary-expr","locations":[{"start":{"line":300,"column":5},"end":{"line":300,"column":34}},{"start":{"line":300,"column":38},"end":{"line":300,"column":63}}]},"94":{"loc":{"start":{"line":300,"column":5},"end":{"line":300,"column":34}},"type":"cond-expr","locations":[{"start":{"line":300,"column":25},"end":{"line":300,"column":27}},{"start":{"line":300,"column":25},"end":{"line":300,"column":34}}]},"95":{"loc":{"start":{"line":300,"column":5},"end":{"line":300,"column":27}},"type":"binary-expr","locations":[{"start":{"line":300,"column":5},"end":{"line":300,"column":27}},{"start":{"line":300,"column":25},"end":{"line":300,"column":27}}]},"96":{"loc":{"start":{"line":300,"column":5},"end":{"line":300,"column":25}},"type":"cond-expr","locations":[{"start":{"line":300,"column":19},"end":{"line":300,"column":21}},{"start":{"line":300,"column":19},"end":{"line":300,"column":25}}]},"97":{"loc":{"start":{"line":300,"column":5},"end":{"line":300,"column":21}},"type":"binary-expr","locations":[{"start":{"line":300,"column":5},"end":{"line":300,"column":21}},{"start":{"line":300,"column":19},"end":{"line":300,"column":21}}]},"98":{"loc":{"start":{"line":301,"column":11},"end":{"line":301,"column":56}},"type":"binary-expr","locations":[{"start":{"line":301,"column":11},"end":{"line":301,"column":39}},{"start":{"line":301,"column":43},"end":{"line":301,"column":56}}]},"99":{"loc":{"start":{"line":301,"column":11},"end":{"line":301,"column":39}},"type":"cond-expr","locations":[{"start":{"line":301,"column":31},"end":{"line":301,"column":33}},{"start":{"line":301,"column":31},"end":{"line":301,"column":39}}]},"100":{"loc":{"start":{"line":301,"column":11},"end":{"line":301,"column":33}},"type":"binary-expr","locations":[{"start":{"line":301,"column":11},"end":{"line":301,"column":33}},{"start":{"line":301,"column":31},"end":{"line":301,"column":33}}]},"101":{"loc":{"start":{"line":301,"column":11},"end":{"line":301,"column":31}},"type":"cond-expr","locations":[{"start":{"line":301,"column":25},"end":{"line":301,"column":27}},{"start":{"line":301,"column":25},"end":{"line":301,"column":31}}]},"102":{"loc":{"start":{"line":301,"column":11},"end":{"line":301,"column":27}},"type":"binary-expr","locations":[{"start":{"line":301,"column":11},"end":{"line":301,"column":27}},{"start":{"line":301,"column":25},"end":{"line":301,"column":27}}]}},"s":{"0":1,"1":1,"2":1,"3":18,"4":5,"5":5,"6":4,"7":4,"8":1,"9":1,"10":3,"11":3,"12":3,"13":1,"14":1,"15":1,"16":2,"17":1,"18":1,"19":1,"20":1,"21":1,"22":1,"23":1,"24":1,"25":1,"26":2,"27":2,"28":5,"29":5,"30":1,"31":1,"32":4,"33":4,"34":4,"35":2,"36":2,"37":4,"38":2,"39":2,"40":4,"41":2,"42":1,"43":1,"44":1,"45":2,"46":1,"47":1,"48":2,"49":2,"50":2,"51":2,"52":5,"53":1,"54":1,"55":4,"56":4,"57":1,"58":1,"59":3,"60":3,"61":3,"62":1,"63":1,"64":1,"65":1,"66":2,"67":1,"68":1,"69":2,"70":2,"71":4,"72":4,"73":1,"74":1,"75":3,"76":3,"77":3,"78":1,"79":1,"80":2,"81":1,"82":1,"83":1,"84":1,"85":2,"86":1,"87":1,"88":1,"89":2,"90":2,"91":1},"f":{"0":18,"1":5,"2":4,"3":2,"4":1,"5":1,"6":5,"7":4,"8":4,"9":1,"10":1,"11":5,"12":2,"13":4,"14":2,"15":2},"b":{"0":[1],"1":[2],"2":[2],"3":[1],"4":[2,1],"5":[1],"6":[1],"7":[1,0,0],"8":[0,1],"9":[1,1],"10":[0,1],"11":[1,1],"12":[0,0],"13":[0,0],"14":[0,0],"15":[0,0],"16":[0,0],"17":[0,0],"18":[0,0],"19":[0,0],"20":[2,1],"21":[1,1],"22":[2,2],"23":[2,1],"24":[1,1],"25":[2,2],"26":[2,1],"27":[1,1],"28":[2,2],"29":[1,1],"30":[2,2],"31":[2,2],"32":[1,1],"33":[2,2],"34":[1,1],"35":[2,2],"36":[1],"37":[3],"38":[3],"39":[2],"40":[4,4],"41":[1],"42":[1,0],"43":[1],"44":[2,1],"45":[1,1],"46":[2,2],"47":[2,1],"48":[1,1],"49":[2,2],"50":[2,1],"51":[1,1],"52":[2,2],"53":[1,1],"54":[2,2],"55":[2,2],"56":[1,1],"57":[2,2],"58":[1,1],"59":[2,2],"60":[1],"61":[1],"62":[2],"63":[2],"64":[1],"65":[2,1],"66":[2,1],"67":[1,1],"68":[2,2],"69":[2,1],"70":[1,1],"71":[2,2],"72":[2,1],"73":[1,1],"74":[2,2],"75":[1,1],"76":[2,2],"77":[2,2],"78":[1,1],"79":[2,2],"80":[1,1],"81":[2,2],"82":[1],"83":[2],"84":[2],"85":[1],"86":[2,1],"87":[2,1],"88":[1,1],"89":[2,2],"90":[2,1],"91":[1,1],"92":[2,2],"93":[2,1],"94":[1,1],"95":[2,2],"96":[1,1],"97":[2,2],"98":[2,2],"99":[1,1],"100":[2,2],"101":[1,1],"102":[2,2]}}
}
