TN:
SF:src\config\config.ts
FNF:0
FNH:0
DA:1,4
DA:3,4
DA:9,4
DA:10,4
DA:11,4
DA:12,4
DA:21,4
LF:7
LH:7
BRDA:5,0,0,4
BRDA:5,0,1,1
BRDA:9,1,0,4
BRDA:9,1,1,1
BRDA:10,2,0,2
BRDA:10,2,1,2
BRDA:10,3,0,4
BRDA:10,3,1,4
BRDA:11,4,0,2
BRDA:11,4,1,2
BRDA:11,5,0,4
BRDA:11,5,1,4
BRDA:12,6,0,2
BRDA:12,6,1,2
BRDA:12,7,0,4
BRDA:12,7,1,4
BRF:16
BRH:16
end_of_record
TN:
SF:src\controllers\searchController.ts
FN:43,(anonymous_8)
FN:46,(anonymous_9)
FN:51,(anonymous_10)
FN:72,(anonymous_12)
FN:82,(anonymous_13)
FN:89,(anonymous_14)
FN:119,(anonymous_15)
FN:138,(anonymous_17)
FN:147,(anonymous_18)
FN:153,(anonymous_19)
FN:160,(anonymous_20)
FN:187,(anonymous_21)
FN:214,(anonymous_23)
FN:242,(anonymous_24)
FN:262,(anonymous_26)
FN:277,(anonymous_27)
FNF:16
FNH:16
FNDA:18,(anonymous_8)
FNDA:5,(anonymous_9)
FNDA:4,(anonymous_10)
FNDA:2,(anonymous_12)
FNDA:1,(anonymous_13)
FNDA:1,(anonymous_14)
FNDA:5,(anonymous_15)
FNDA:4,(anonymous_17)
FNDA:4,(anonymous_18)
FNDA:1,(anonymous_19)
FNDA:1,(anonymous_20)
FNDA:5,(anonymous_21)
FNDA:2,(anonymous_23)
FNDA:4,(anonymous_24)
FNDA:2,(anonymous_26)
FNDA:2,(anonymous_27)
DA:2,1
DA:3,1
DA:4,1
DA:43,1
DA:44,18
DA:47,5
DA:48,5
DA:56,4
DA:57,4
DA:58,1
DA:59,1
DA:62,3
DA:63,3
DA:64,3
DA:68,1
DA:70,1
DA:71,1
DA:73,2
DA:80,1
DA:81,1
DA:83,1
DA:86,1
DA:87,1
DA:88,1
DA:90,1
DA:96,1
DA:101,1
DA:106,2
DA:110,2
DA:124,5
DA:125,5
DA:126,1
DA:127,1
DA:130,4
DA:131,4
DA:132,4
DA:136,2
DA:138,4
DA:145,2
DA:146,2
DA:147,4
DA:150,2
DA:151,1
DA:152,1
DA:154,1
DA:158,2
DA:159,1
DA:161,1
DA:165,2
DA:170,2
DA:175,2
DA:179,2
DA:192,5
DA:193,1
DA:194,1
DA:197,4
DA:198,4
DA:199,1
DA:200,1
DA:203,3
DA:204,3
DA:205,3
DA:209,1
DA:211,1
DA:212,1
DA:213,1
DA:215,2
DA:220,1
DA:225,1
DA:230,2
DA:234,2
DA:247,4
DA:248,4
DA:249,1
DA:250,1
DA:253,3
DA:254,3
DA:255,3
DA:259,1
DA:262,2
DA:272,1
DA:274,1
DA:275,1
DA:276,1
DA:278,2
DA:281,1
DA:284,1
DA:289,1
DA:294,2
DA:298,2
LF:90
LH:90
BRDA:57,0,0,1
BRDA:62,1,0,2
BRDA:62,2,0,2
BRDA:70,3,0,1
BRDA:73,4,0,2
BRDA:73,4,1,1
BRDA:80,5,0,1
BRDA:86,6,0,1
BRDA:90,7,0,1
BRDA:90,7,1,0
BRDA:90,7,2,0
BRDA:90,8,0,0
BRDA:90,8,1,1
BRDA:90,9,0,1
BRDA:90,9,1,1
BRDA:90,10,0,0
BRDA:90,10,1,1
BRDA:90,11,0,1
BRDA:90,11,1,1
BRDA:91,12,0,0
BRDA:91,12,1,0
BRDA:91,13,0,0
BRDA:91,13,1,0
BRDA:91,14,0,0
BRDA:91,14,1,0
BRDA:91,15,0,0
BRDA:91,15,1,0
BRDA:92,16,0,0
BRDA:92,16,1,0
BRDA:92,17,0,0
BRDA:92,17,1,0
BRDA:92,18,0,0
BRDA:92,18,1,0
BRDA:92,19,0,0
BRDA:92,19,1,0
BRDA:108,20,0,2
BRDA:108,20,1,1
BRDA:108,21,0,1
BRDA:108,21,1,1
BRDA:108,22,0,2
BRDA:108,22,1,2
BRDA:110,23,0,2
BRDA:110,23,1,1
BRDA:110,24,0,1
BRDA:110,24,1,1
BRDA:110,25,0,2
BRDA:110,25,1,2
BRDA:112,26,0,2
BRDA:112,26,1,1
BRDA:112,27,0,1
BRDA:112,27,1,1
BRDA:112,28,0,2
BRDA:112,28,1,2
BRDA:112,29,0,1
BRDA:112,29,1,1
BRDA:112,30,0,2
BRDA:112,30,1,2
BRDA:114,31,0,2
BRDA:114,31,1,2
BRDA:114,32,0,1
BRDA:114,32,1,1
BRDA:114,33,0,2
BRDA:114,33,1,2
BRDA:114,34,0,1
BRDA:114,34,1,1
BRDA:114,35,0,2
BRDA:114,35,1,2
BRDA:125,36,0,1
BRDA:130,37,0,3
BRDA:130,38,0,3
BRDA:145,39,0,2
BRDA:147,40,0,4
BRDA:147,40,1,4
BRDA:150,41,0,1
BRDA:154,42,0,1
BRDA:154,42,1,0
BRDA:158,43,0,1
BRDA:177,44,0,2
BRDA:177,44,1,1
BRDA:177,45,0,1
BRDA:177,45,1,1
BRDA:177,46,0,2
BRDA:177,46,1,2
BRDA:179,47,0,2
BRDA:179,47,1,1
BRDA:179,48,0,1
BRDA:179,48,1,1
BRDA:179,49,0,2
BRDA:179,49,1,2
BRDA:181,50,0,2
BRDA:181,50,1,1
BRDA:181,51,0,1
BRDA:181,51,1,1
BRDA:181,52,0,2
BRDA:181,52,1,2
BRDA:181,53,0,1
BRDA:181,53,1,1
BRDA:181,54,0,2
BRDA:181,54,1,2
BRDA:182,55,0,2
BRDA:182,55,1,2
BRDA:182,56,0,1
BRDA:182,56,1,1
BRDA:182,57,0,2
BRDA:182,57,1,2
BRDA:182,58,0,1
BRDA:182,58,1,1
BRDA:182,59,0,2
BRDA:182,59,1,2
BRDA:192,60,0,1
BRDA:198,61,0,1
BRDA:203,62,0,2
BRDA:203,63,0,2
BRDA:211,64,0,1
BRDA:215,65,0,2
BRDA:215,65,1,1
BRDA:232,66,0,2
BRDA:232,66,1,1
BRDA:232,67,0,1
BRDA:232,67,1,1
BRDA:232,68,0,2
BRDA:232,68,1,2
BRDA:234,69,0,2
BRDA:234,69,1,1
BRDA:234,70,0,1
BRDA:234,70,1,1
BRDA:234,71,0,2
BRDA:234,71,1,2
BRDA:236,72,0,2
BRDA:236,72,1,1
BRDA:236,73,0,1
BRDA:236,73,1,1
BRDA:236,74,0,2
BRDA:236,74,1,2
BRDA:236,75,0,1
BRDA:236,75,1,1
BRDA:236,76,0,2
BRDA:236,76,1,2
BRDA:237,77,0,2
BRDA:237,77,1,2
BRDA:237,78,0,1
BRDA:237,78,1,1
BRDA:237,79,0,2
BRDA:237,79,1,2
BRDA:237,80,0,1
BRDA:237,80,1,1
BRDA:237,81,0,2
BRDA:237,81,1,2
BRDA:248,82,0,1
BRDA:253,83,0,2
BRDA:253,84,0,2
BRDA:274,85,0,1
BRDA:278,86,0,2
BRDA:278,86,1,1
BRDA:296,87,0,2
BRDA:296,87,1,1
BRDA:296,88,0,1
BRDA:296,88,1,1
BRDA:296,89,0,2
BRDA:296,89,1,2
BRDA:298,90,0,2
BRDA:298,90,1,1
BRDA:298,91,0,1
BRDA:298,91,1,1
BRDA:298,92,0,2
BRDA:298,92,1,2
BRDA:300,93,0,2
BRDA:300,93,1,1
BRDA:300,94,0,1
BRDA:300,94,1,1
BRDA:300,95,0,2
BRDA:300,95,1,2
BRDA:300,96,0,1
BRDA:300,96,1,1
BRDA:300,97,0,2
BRDA:300,97,1,2
BRDA:301,98,0,2
BRDA:301,98,1,2
BRDA:301,99,0,1
BRDA:301,99,1,1
BRDA:301,100,0,2
BRDA:301,100,1,2
BRDA:301,101,0,1
BRDA:301,101,1,1
BRDA:301,102,0,2
BRDA:301,102,1,2
BRF:186
BRH:165
end_of_record
